/!\ FAILSAFE /!\  Fri Mar 28 09:50:50 -0700 2014
  Status: 500 Internal Server Error
  Unknown database 'rails-demo_development'
    /Users/jared/.rvm/gems/ree-1.8.7-2012.02@rails-demo/gems/activerecord-2.3.18/lib/active_record/connection_adapters/mysql_adapter.rb:620:in `real_connect'
    /Users/jared/.rvm/gems/ree-1.8.7-2012.02@rails-demo/gems/activerecord-2.3.18/lib/active_record/connection_adapters/mysql_adapter.rb:620:in `connect'
    /Users/jared/.rvm/gems/ree-1.8.7-2012.02@rails-demo/gems/activerecord-2.3.18/lib/active_record/connection_adapters/mysql_adapter.rb:203:in `initialize'
    /Users/jared/.rvm/gems/ree-1.8.7-2012.02@rails-demo/gems/activerecord-2.3.18/lib/active_record/connection_adapters/mysql_adapter.rb:75:in `new'
    /Users/jared/.rvm/gems/ree-1.8.7-2012.02@rails-demo/gems/activerecord-2.3.18/lib/active_record/connection_adapters/mysql_adapter.rb:75:in `mysql_connection'
    /Users/jared/.rvm/gems/ree-1.8.7-2012.02@rails-demo/gems/activerecord-2.3.18/lib/active_record/connection_adapters/abstract/connection_pool.rb:223:in `send'
    /Users/jared/.rvm/gems/ree-1.8.7-2012.02@rails-demo/gems/activerecord-2.3.18/lib/active_record/connection_adapters/abstract/connection_pool.rb:223:in `new_connection'
    /Users/jared/.rvm/gems/ree-1.8.7-2012.02@rails-demo/gems/activerecord-2.3.18/lib/active_record/connection_adapters/abstract/connection_pool.rb:245:in `checkout_new_connection'
    /Users/jared/.rvm/gems/ree-1.8.7-2012.02@rails-demo/gems/activerecord-2.3.18/lib/active_record/connection_adapters/abstract/connection_pool.rb:188:in `checkout'
    /Users/jared/.rvm/gems/ree-1.8.7-2012.02@rails-demo/gems/activerecord-2.3.18/lib/active_record/connection_adapters/abstract/connection_pool.rb:184:in `loop'
    /Users/jared/.rvm/gems/ree-1.8.7-2012.02@rails-demo/gems/activerecord-2.3.18/lib/active_record/connection_adapters/abstract/connection_pool.rb:184:in `checkout'
    /Users/jared/.rvm/rubies/ree-1.8.7-2012.02/lib/ruby/1.8/monitor.rb:242:in `synchronize'
    /Users/jared/.rvm/gems/ree-1.8.7-2012.02@rails-demo/gems/activerecord-2.3.18/lib/active_record/connection_adapters/abstract/connection_pool.rb:183:in `checkout'
    /Users/jared/.rvm/gems/ree-1.8.7-2012.02@rails-demo/gems/activerecord-2.3.18/lib/active_record/connection_adapters/abstract/connection_pool.rb:98:in `connection'
    /Users/jared/.rvm/gems/ree-1.8.7-2012.02@rails-demo/gems/activerecord-2.3.18/lib/active_record/connection_adapters/abstract/connection_pool.rb:326:in `retrieve_connection'
    /Users/jared/.rvm/gems/ree-1.8.7-2012.02@rails-demo/gems/activerecord-2.3.18/lib/active_record/connection_adapters/abstract/connection_specification.rb:123:in `retrieve_connection'
    /Users/jared/.rvm/gems/ree-1.8.7-2012.02@rails-demo/gems/activerecord-2.3.18/lib/active_record/connection_adapters/abstract/connection_specification.rb:115:in `connection'
    /Users/jared/.rvm/gems/ree-1.8.7-2012.02@rails-demo/gems/activerecord-2.3.18/lib/active_record/query_cache.rb:9:in `cache'
    /Users/jared/.rvm/gems/ree-1.8.7-2012.02@rails-demo/gems/activerecord-2.3.18/lib/active_record/query_cache.rb:28:in `call'
    /Users/jared/.rvm/gems/ree-1.8.7-2012.02@rails-demo/gems/activerecord-2.3.18/lib/active_record/connection_adapters/abstract/connection_pool.rb:361:in `call'
    /Users/jared/.rvm/gems/ree-1.8.7-2012.02@rails-demo/gems/actionpack-2.3.18/lib/action_controller/string_coercion.rb:25:in `call'
    /Users/jared/.rvm/gems/ree-1.8.7-2012.02@rails-demo/gems/rack-1.1.6/lib/rack/head.rb:9:in `call'
    /Users/jared/.rvm/gems/ree-1.8.7-2012.02@rails-demo/gems/rack-1.1.6/lib/rack/methodoverride.rb:24:in `call'
    /Users/jared/.rvm/gems/ree-1.8.7-2012.02@rails-demo/gems/actionpack-2.3.18/lib/action_controller/params_parser.rb:15:in `call'
    /Users/jared/.rvm/gems/ree-1.8.7-2012.02@rails-demo/gems/actionpack-2.3.18/lib/action_controller/session/cookie_store.rb:99:in `call'
    /Users/jared/.rvm/gems/ree-1.8.7-2012.02@rails-demo/gems/actionpack-2.3.18/lib/action_controller/failsafe.rb:26:in `call'
    /Users/jared/.rvm/gems/ree-1.8.7-2012.02@rails-demo/gems/rack-1.1.6/lib/rack/lock.rb:11:in `call'
    /Users/jared/.rvm/gems/ree-1.8.7-2012.02@rails-demo/gems/rack-1.1.6/lib/rack/lock.rb:11:in `synchronize'
    /Users/jared/.rvm/gems/ree-1.8.7-2012.02@rails-demo/gems/rack-1.1.6/lib/rack/lock.rb:11:in `call'
    /Users/jared/.rvm/gems/ree-1.8.7-2012.02@rails-demo/gems/actionpack-2.3.18/lib/action_controller/dispatcher.rb:114:in `call'
    /Users/jared/.rvm/gems/ree-1.8.7-2012.02@rails-demo/gems/actionpack-2.3.18/lib/action_controller/reloader.rb:34:in `run'
    /Users/jared/.rvm/gems/ree-1.8.7-2012.02@rails-demo/gems/actionpack-2.3.18/lib/action_controller/dispatcher.rb:108:in `call'
    /Users/jared/.rvm/gems/ree-1.8.7-2012.02@rails-demo/gems/rails-2.3.18/lib/rails/rack/static.rb:31:in `call'
    /Users/jared/.rvm/gems/ree-1.8.7-2012.02@rails-demo/gems/rack-1.1.6/lib/rack/urlmap.rb:47:in `call'
    /Users/jared/.rvm/gems/ree-1.8.7-2012.02@rails-demo/gems/rack-1.1.6/lib/rack/urlmap.rb:41:in `each'
    /Users/jared/.rvm/gems/ree-1.8.7-2012.02@rails-demo/gems/rack-1.1.6/lib/rack/urlmap.rb:41:in `call'
    /Users/jared/.rvm/gems/ree-1.8.7-2012.02@rails-demo/gems/rails-2.3.18/lib/rails/rack/log_tailer.rb:17:in `call'
    /Users/jared/.rvm/gems/ree-1.8.7-2012.02@rails-demo/gems/rack-1.1.6/lib/rack/content_length.rb:13:in `call'
    /Users/jared/.rvm/gems/ree-1.8.7-2012.02@rails-demo/gems/rack-1.1.6/lib/rack/handler/webrick.rb:48:in `service'
    /Users/jared/.rvm/rubies/ree-1.8.7-2012.02/lib/ruby/1.8/webrick/httpserver.rb:104:in `service'
    /Users/jared/.rvm/rubies/ree-1.8.7-2012.02/lib/ruby/1.8/webrick/httpserver.rb:65:in `run'
    /Users/jared/.rvm/rubies/ree-1.8.7-2012.02/lib/ruby/1.8/webrick/server.rb:173:in `start_thread'
    /Users/jared/.rvm/rubies/ree-1.8.7-2012.02/lib/ruby/1.8/webrick/server.rb:162:in `start'
    /Users/jared/.rvm/rubies/ree-1.8.7-2012.02/lib/ruby/1.8/webrick/server.rb:162
/!\ FAILSAFE /!\  Fri Mar 28 09:50:55 -0700 2014
  Status: 500 Internal Server Error
  Unknown database 'rails-demo_development'
    /Users/jared/.rvm/gems/ree-1.8.7-2012.02@rails-demo/gems/activerecord-2.3.18/lib/active_record/connection_adapters/mysql_adapter.rb:620:in `real_connect'
    /Users/jared/.rvm/gems/ree-1.8.7-2012.02@rails-demo/gems/activerecord-2.3.18/lib/active_record/connection_adapters/mysql_adapter.rb:620:in `connect'
    /Users/jared/.rvm/gems/ree-1.8.7-2012.02@rails-demo/gems/activerecord-2.3.18/lib/active_record/connection_adapters/mysql_adapter.rb:203:in `initialize'
    /Users/jared/.rvm/gems/ree-1.8.7-2012.02@rails-demo/gems/activerecord-2.3.18/lib/active_record/connection_adapters/mysql_adapter.rb:75:in `new'
    /Users/jared/.rvm/gems/ree-1.8.7-2012.02@rails-demo/gems/activerecord-2.3.18/lib/active_record/connection_adapters/mysql_adapter.rb:75:in `mysql_connection'
    /Users/jared/.rvm/gems/ree-1.8.7-2012.02@rails-demo/gems/activerecord-2.3.18/lib/active_record/connection_adapters/abstract/connection_pool.rb:223:in `send'
    /Users/jared/.rvm/gems/ree-1.8.7-2012.02@rails-demo/gems/activerecord-2.3.18/lib/active_record/connection_adapters/abstract/connection_pool.rb:223:in `new_connection'
    /Users/jared/.rvm/gems/ree-1.8.7-2012.02@rails-demo/gems/activerecord-2.3.18/lib/active_record/connection_adapters/abstract/connection_pool.rb:245:in `checkout_new_connection'
    /Users/jared/.rvm/gems/ree-1.8.7-2012.02@rails-demo/gems/activerecord-2.3.18/lib/active_record/connection_adapters/abstract/connection_pool.rb:188:in `checkout'
    /Users/jared/.rvm/gems/ree-1.8.7-2012.02@rails-demo/gems/activerecord-2.3.18/lib/active_record/connection_adapters/abstract/connection_pool.rb:184:in `loop'
    /Users/jared/.rvm/gems/ree-1.8.7-2012.02@rails-demo/gems/activerecord-2.3.18/lib/active_record/connection_adapters/abstract/connection_pool.rb:184:in `checkout'
    /Users/jared/.rvm/rubies/ree-1.8.7-2012.02/lib/ruby/1.8/monitor.rb:242:in `synchronize'
    /Users/jared/.rvm/gems/ree-1.8.7-2012.02@rails-demo/gems/activerecord-2.3.18/lib/active_record/connection_adapters/abstract/connection_pool.rb:183:in `checkout'
    /Users/jared/.rvm/gems/ree-1.8.7-2012.02@rails-demo/gems/activerecord-2.3.18/lib/active_record/connection_adapters/abstract/connection_pool.rb:98:in `connection'
    /Users/jared/.rvm/gems/ree-1.8.7-2012.02@rails-demo/gems/activerecord-2.3.18/lib/active_record/connection_adapters/abstract/connection_pool.rb:326:in `retrieve_connection'
    /Users/jared/.rvm/gems/ree-1.8.7-2012.02@rails-demo/gems/activerecord-2.3.18/lib/active_record/connection_adapters/abstract/connection_specification.rb:123:in `retrieve_connection'
    /Users/jared/.rvm/gems/ree-1.8.7-2012.02@rails-demo/gems/activerecord-2.3.18/lib/active_record/connection_adapters/abstract/connection_specification.rb:115:in `connection'
    /Users/jared/.rvm/gems/ree-1.8.7-2012.02@rails-demo/gems/activerecord-2.3.18/lib/active_record/query_cache.rb:9:in `cache'
    /Users/jared/.rvm/gems/ree-1.8.7-2012.02@rails-demo/gems/activerecord-2.3.18/lib/active_record/query_cache.rb:28:in `call'
    /Users/jared/.rvm/gems/ree-1.8.7-2012.02@rails-demo/gems/activerecord-2.3.18/lib/active_record/connection_adapters/abstract/connection_pool.rb:361:in `call'
    /Users/jared/.rvm/gems/ree-1.8.7-2012.02@rails-demo/gems/actionpack-2.3.18/lib/action_controller/string_coercion.rb:25:in `call'
    /Users/jared/.rvm/gems/ree-1.8.7-2012.02@rails-demo/gems/rack-1.1.6/lib/rack/head.rb:9:in `call'
    /Users/jared/.rvm/gems/ree-1.8.7-2012.02@rails-demo/gems/rack-1.1.6/lib/rack/methodoverride.rb:24:in `call'
    /Users/jared/.rvm/gems/ree-1.8.7-2012.02@rails-demo/gems/actionpack-2.3.18/lib/action_controller/params_parser.rb:15:in `call'
    /Users/jared/.rvm/gems/ree-1.8.7-2012.02@rails-demo/gems/actionpack-2.3.18/lib/action_controller/session/cookie_store.rb:99:in `call'
    /Users/jared/.rvm/gems/ree-1.8.7-2012.02@rails-demo/gems/actionpack-2.3.18/lib/action_controller/failsafe.rb:26:in `call'
    /Users/jared/.rvm/gems/ree-1.8.7-2012.02@rails-demo/gems/rack-1.1.6/lib/rack/lock.rb:11:in `call'
    /Users/jared/.rvm/gems/ree-1.8.7-2012.02@rails-demo/gems/rack-1.1.6/lib/rack/lock.rb:11:in `synchronize'
    /Users/jared/.rvm/gems/ree-1.8.7-2012.02@rails-demo/gems/rack-1.1.6/lib/rack/lock.rb:11:in `call'
    /Users/jared/.rvm/gems/ree-1.8.7-2012.02@rails-demo/gems/actionpack-2.3.18/lib/action_controller/dispatcher.rb:114:in `call'
    /Users/jared/.rvm/gems/ree-1.8.7-2012.02@rails-demo/gems/actionpack-2.3.18/lib/action_controller/reloader.rb:34:in `run'
    /Users/jared/.rvm/gems/ree-1.8.7-2012.02@rails-demo/gems/actionpack-2.3.18/lib/action_controller/dispatcher.rb:108:in `call'
    /Users/jared/.rvm/gems/ree-1.8.7-2012.02@rails-demo/gems/rails-2.3.18/lib/rails/rack/static.rb:31:in `call'
    /Users/jared/.rvm/gems/ree-1.8.7-2012.02@rails-demo/gems/rack-1.1.6/lib/rack/urlmap.rb:47:in `call'
    /Users/jared/.rvm/gems/ree-1.8.7-2012.02@rails-demo/gems/rack-1.1.6/lib/rack/urlmap.rb:41:in `each'
    /Users/jared/.rvm/gems/ree-1.8.7-2012.02@rails-demo/gems/rack-1.1.6/lib/rack/urlmap.rb:41:in `call'
    /Users/jared/.rvm/gems/ree-1.8.7-2012.02@rails-demo/gems/rails-2.3.18/lib/rails/rack/log_tailer.rb:17:in `call'
    /Users/jared/.rvm/gems/ree-1.8.7-2012.02@rails-demo/gems/rack-1.1.6/lib/rack/content_length.rb:13:in `call'
    /Users/jared/.rvm/gems/ree-1.8.7-2012.02@rails-demo/gems/rack-1.1.6/lib/rack/handler/webrick.rb:48:in `service'
    /Users/jared/.rvm/rubies/ree-1.8.7-2012.02/lib/ruby/1.8/webrick/httpserver.rb:104:in `service'
    /Users/jared/.rvm/rubies/ree-1.8.7-2012.02/lib/ruby/1.8/webrick/httpserver.rb:65:in `run'
    /Users/jared/.rvm/rubies/ree-1.8.7-2012.02/lib/ruby/1.8/webrick/server.rb:173:in `start_thread'
    /Users/jared/.rvm/rubies/ree-1.8.7-2012.02/lib/ruby/1.8/webrick/server.rb:162:in `start'
    /Users/jared/.rvm/rubies/ree-1.8.7-2012.02/lib/ruby/1.8/webrick/server.rb:162
  [4;36;1mSQL (0.3ms)[0m   [0;1m SELECT name
 FROM sqlite_master
 WHERE type = 'table' AND NOT name = 'sqlite_sequence'
[0m
  [4;35;1mSQL (0.1ms)[0m   [0mselect sqlite_version(*)[0m
  [4;36;1mSQL (1.0ms)[0m   [0;1mCREATE TABLE "schema_migrations" ("version" varchar(255) NOT NULL) [0m
  [4;35;1mSQL (0.0ms)[0m   [0mPRAGMA index_list("schema_migrations")[0m
  [4;36;1mSQL (0.8ms)[0m   [0;1mCREATE UNIQUE INDEX "unique_schema_migrations" ON "schema_migrations" ("version")[0m
  [4;35;1mSQL (0.1ms)[0m   [0m SELECT name
 FROM sqlite_master
 WHERE type = 'table' AND NOT name = 'sqlite_sequence'
[0m
  [4;36;1mSQL (0.1ms)[0m   [0;1mSELECT version FROM schema_migrations[0m
Migrating to CreatePeeps (20140328002411)
  [4;35;1mSQL (0.4ms)[0m   [0mCREATE TABLE "peeps" ("id" INTEGER PRIMARY KEY AUTOINCREMENT NOT NULL, "name" varchar(255), "created_at" datetime, "updated_at" datetime) [0m
  [4;36;1mSQL (0.1ms)[0m   [0;1mINSERT INTO schema_migrations (version) VALUES ('20140328002411')[0m
Migrating to CreateUsers (20140328165036)
  [4;35;1mSQL (0.4ms)[0m   [0mCREATE TABLE "users" ("id" INTEGER PRIMARY KEY AUTOINCREMENT NOT NULL, "created_at" datetime, "updated_at" datetime) [0m
  [4;36;1mSQL (0.1ms)[0m   [0;1mINSERT INTO schema_migrations (version) VALUES ('20140328165036')[0m
  [4;35;1mSQL (0.1ms)[0m   [0m SELECT name
 FROM sqlite_master
 WHERE type = 'table' AND NOT name = 'sqlite_sequence'
[0m
  [4;36;1mSQL (0.1ms)[0m   [0;1mSELECT version FROM schema_migrations[0m
  [4;35;1mSQL (0.1ms)[0m   [0m SELECT name
 FROM sqlite_master
 WHERE type = 'table' AND NOT name = 'sqlite_sequence'
[0m
  [4;36;1mSQL (0.0ms)[0m   [0;1mPRAGMA index_list("peeps")[0m
  [4;35;1mSQL (0.0ms)[0m   [0mPRAGMA index_list("users")[0m


Processing UsersController#index (for 127.0.0.1 at 2014-03-28 09:52:20) [GET]
  [4;36;1mUser Load (0.4ms)[0m   [0;1mSELECT * FROM "users" [0m
Rendering template within layouts/users
Rendering users/index
Completed in 12ms (View: 9, DB: 0) | 200 OK [http://localhost/users]


Processing Rails::InfoController#properties (for 127.0.0.1 at 2014-03-28 09:52:23) [GET]
  [4;35;1mSQL (0.3ms)[0m   [0m SELECT name
 FROM sqlite_master
 WHERE type = 'table' AND NOT name = 'sqlite_sequence'
[0m
  [4;36;1mSQL (0.1ms)[0m   [0;1mSELECT version FROM schema_migrations[0m
Completed in 11ms (View: 1, DB: 0) | 200 OK [http://localhost/rails/info/properties]
